
==========================================================================
global place report_tns
--------------------------------------------------------------------------
tns max 0.00

==========================================================================
global place report_wns
--------------------------------------------------------------------------
wns max 0.00

==========================================================================
global place report_worst_slack
--------------------------------------------------------------------------
worst slack max 5.83

==========================================================================
global place report_checks -path_delay min
--------------------------------------------------------------------------
Startpoint: count_cycle[0]$_SDFF_PN0_
            (rising edge-triggered flip-flop clocked by clk)
Endpoint: count_cycle[0]$_SDFF_PN0_
          (rising edge-triggered flip-flop clocked by clk)
Path Group: clk
Path Type: min

Fanout     Cap    Slew   Delay    Time   Description
-----------------------------------------------------------------------------
                  0.00    0.00    0.00   clock clk (rise edge)
                          0.00    0.00   clock network delay (ideal)
                  0.00    0.00    0.00 ^ count_cycle[0]$_SDFF_PN0_/CK (DFF_X1)
     1    1.09    0.01    0.06    0.06 ^ count_cycle[0]$_SDFF_PN0_/QN (DFF_X1)
                                         _00070_ (net)
                  0.01    0.00    0.06 ^ _15471_/A2 (AND2_X1)
     1    1.28    0.01    0.03    0.09 ^ _15471_/ZN (AND2_X1)
                                         _00072_ (net)
                  0.01    0.00    0.09 ^ count_cycle[0]$_SDFF_PN0_/D (DFF_X1)
                                  0.09   data arrival time

                  0.00    0.00    0.00   clock clk (rise edge)
                          0.00    0.00   clock network delay (ideal)
                          0.00    0.00   clock reconvergence pessimism
                                  0.00 ^ count_cycle[0]$_SDFF_PN0_/CK (DFF_X1)
                          0.01    0.01   library hold time
                                  0.01   data required time
-----------------------------------------------------------------------------
                                  0.01   data required time
                                 -0.09   data arrival time
-----------------------------------------------------------------------------
                                  0.08   slack (MET)



==========================================================================
global place report_checks -path_delay max
--------------------------------------------------------------------------
Startpoint: resetn (input port clocked by clk)
Endpoint: mem_la_read (output port clocked by clk)
Path Group: clk
Path Type: max

Fanout     Cap    Slew   Delay    Time   Description
-----------------------------------------------------------------------------
                  0.00    0.00    0.00   clock clk (rise edge)
                          0.00    0.00   clock network delay (ideal)
                          2.00    2.00 ^ input external delay
     1   11.38    0.00    0.00    2.00 ^ resetn (in)
                                         resetn (net)
                  0.00    0.00    2.00 ^ _09526_/A (BUF_X8)
     7   32.03    0.01    0.02    2.03 ^ _09526_/Z (BUF_X8)
                                         _02702_ (net)
                  0.01    0.00    2.03 ^ _09584_/A (BUF_X8)
    10   31.11    0.01    0.03    2.05 ^ _09584_/Z (BUF_X8)
                                         _02759_ (net)
                  0.01    0.00    2.05 ^ _09616_/A (BUF_X8)
    10   35.66    0.01    0.03    2.08 ^ _09616_/Z (BUF_X8)
                                         _02789_ (net)
                  0.01    0.00    2.08 ^ _09617_/A (BUF_X4)
    10   22.82    0.02    0.03    2.11 ^ _09617_/Z (BUF_X4)
                                         _02790_ (net)
                  0.02    0.00    2.12 ^ _09621_/A2 (AND3_X1)
     1    4.44    0.02    0.05    2.17 ^ _09621_/ZN (AND3_X1)
                                         mem_la_read (net)
                  0.02    0.00    2.17 ^ mem_la_read (out)
                                  2.17   data arrival time

                  0.00   10.00   10.00   clock clk (rise edge)
                          0.00   10.00   clock network delay (ideal)
                          0.00   10.00   clock reconvergence pessimism
                         -2.00    8.00   output external delay
                                  8.00   data required time
-----------------------------------------------------------------------------
                                  8.00   data required time
                                 -2.17   data arrival time
-----------------------------------------------------------------------------
                                  5.83   slack (MET)



==========================================================================
global place report_checks -unconstrained
--------------------------------------------------------------------------
Startpoint: resetn (input port clocked by clk)
Endpoint: mem_la_read (output port clocked by clk)
Path Group: clk
Path Type: max

Fanout     Cap    Slew   Delay    Time   Description
-----------------------------------------------------------------------------
                  0.00    0.00    0.00   clock clk (rise edge)
                          0.00    0.00   clock network delay (ideal)
                          2.00    2.00 ^ input external delay
     1   11.38    0.00    0.00    2.00 ^ resetn (in)
                                         resetn (net)
                  0.00    0.00    2.00 ^ _09526_/A (BUF_X8)
     7   32.03    0.01    0.02    2.03 ^ _09526_/Z (BUF_X8)
                                         _02702_ (net)
                  0.01    0.00    2.03 ^ _09584_/A (BUF_X8)
    10   31.11    0.01    0.03    2.05 ^ _09584_/Z (BUF_X8)
                                         _02759_ (net)
                  0.01    0.00    2.05 ^ _09616_/A (BUF_X8)
    10   35.66    0.01    0.03    2.08 ^ _09616_/Z (BUF_X8)
                                         _02789_ (net)
                  0.01    0.00    2.08 ^ _09617_/A (BUF_X4)
    10   22.82    0.02    0.03    2.11 ^ _09617_/Z (BUF_X4)
                                         _02790_ (net)
                  0.02    0.00    2.12 ^ _09621_/A2 (AND3_X1)
     1    4.44    0.02    0.05    2.17 ^ _09621_/ZN (AND3_X1)
                                         mem_la_read (net)
                  0.02    0.00    2.17 ^ mem_la_read (out)
                                  2.17   data arrival time

                  0.00   10.00   10.00   clock clk (rise edge)
                          0.00   10.00   clock network delay (ideal)
                          0.00   10.00   clock reconvergence pessimism
                         -2.00    8.00   output external delay
                                  8.00   data required time
-----------------------------------------------------------------------------
                                  8.00   data required time
                                 -2.17   data arrival time
-----------------------------------------------------------------------------
                                  5.83   slack (MET)



==========================================================================
global place report_power
--------------------------------------------------------------------------
Group                  Internal  Switching    Leakage      Total
                          Power      Power      Power      Power (Watts)
----------------------------------------------------------------
Sequential             1.25e-03   1.44e-04   1.22e-04   1.52e-03  41.8%
Combinational          8.26e-04   9.56e-04   3.33e-04   2.11e-03  58.2%
Clock                  0.00e+00   0.00e+00   0.00e+00   0.00e+00   0.0%
Macro                  0.00e+00   0.00e+00   0.00e+00   0.00e+00   0.0%
Pad                    0.00e+00   0.00e+00   0.00e+00   0.00e+00   0.0%
----------------------------------------------------------------
Total                  2.08e-03   1.10e-03   4.55e-04   3.63e-03 100.0%
                          57.2%      30.3%      12.5%
